# JRE version: OpenJDK Runtime Environment (8.0_242-b01) (build 1.8.0_242-release-1644-b01)
# Java VM: OpenJDK 64-Bit Server VM (25.242-b01 mixed mode windows-amd64 compressed oops)
Heap:
 PSYoungGen      total 444928K, used 27932K [0x00000000d5580000, 0x00000000f2e00000, 0x0000000100000000)
  eden space 413696K, 2% used [0x00000000d5580000,0x00000000d5fbf0c8,0x00000000ee980000)
  from space 31232K, 55% used [0x00000000f0880000,0x00000000f1988230,0x00000000f2700000)
  to   space 31744K, 0% used [0x00000000ee980000,0x00000000ee980000,0x00000000f0880000)
 ParOldGen       total 109568K, used 70816K [0x0000000080000000, 0x0000000086b00000, 0x00000000d5580000)
  object space 109568K, 64% used [0x0000000080000000,0x0000000084528090,0x0000000086b00000)
 Metaspace       used 72246K, capacity 76046K, committed 76336K, reserved 1114112K
  class space    used 9886K, capacity 10690K, committed 10800K, reserved 1048576K
GC Heap History (10 events):
Event: 13.535 GC heap before
{Heap before GC invocations=15 (full 2):
 PSYoungGen      total 251392K, used 27157K [0x00000000d5580000, 0x00000000e6c00000, 0x0000000100000000)
  eden space 233984K, 4% used [0x00000000d5580000,0x00000000d5f05b48,0x00000000e3a00000)
  from space 17408K, 99% used [0x00000000e5200000,0x00000000e62ffb30,0x00000000e6300000)
  to   space 24576K, 0% used [0x00000000e3a00000,0x00000000e3a00000,0x00000000e5200000)
 ParOldGen       total 68096K, used 33767K [0x0000000080000000, 0x0000000084280000, 0x00000000d5580000)
  object space 68096K, 49% used [0x0000000080000000,0x00000000820f9e30,0x0000000084280000)
 Metaspace       used 56887K, capacity 59086K, committed 59160K, reserved 1099776K
  class space    used 7784K, capacity 8344K, committed 8368K, reserved 1048576K
Event: 13.553 GC heap after
Heap after GC invocations=15 (full 2):
 PSYoungGen      total 258560K, used 832K [0x00000000d5580000, 0x00000000ed080000, 0x0000000100000000)
  eden space 233984K, 0% used [0x00000000d5580000,0x00000000d5580000,0x00000000e3a00000)
  from space 24576K, 3% used [0x00000000e3a00000,0x00000000e3ad0000,0x00000000e5200000)
  to   space 24576K, 0% used [0x00000000eb880000,0x00000000eb880000,0x00000000ed080000)
 ParOldGen       total 68096K, used 45253K [0x0000000080000000, 0x0000000084280000, 0x00000000d5580000)
  object space 68096K, 66% used [0x0000000080000000,0x0000000082c31680,0x0000000084280000)
 Metaspace       used 56887K, capacity 59086K, committed 59160K, reserved 1099776K
  class space    used 7784K, capacity 8344K, committed 8368K, reserved 1048576K
}
Event: 13.554 GC heap before
{Heap before GC invocations=16 (full 3):
 PSYoungGen      total 258560K, used 832K [0x00000000d5580000, 0x00000000ed080000, 0x0000000100000000)
  eden space 233984K, 0% used [0x00000000d5580000,0x00000000d5580000,0x00000000e3a00000)
  from space 24576K, 3% used [0x00000000e3a00000,0x00000000e3ad0000,0x00000000e5200000)
  to   space 24576K, 0% used [0x00000000eb880000,0x00000000eb880000,0x00000000ed080000)
 ParOldGen       total 68096K, used 45253K [0x0000000080000000, 0x0000000084280000, 0x00000000d5580000)
  object space 68096K, 66% used [0x0000000080000000,0x0000000082c31680,0x0000000084280000)
 Metaspace       used 56887K, capacity 59086K, committed 59160K, reserved 1099776K
  class space    used 7784K, capacity 8344K, committed 8368K, reserved 1048576K
Event: 13.972 GC heap after
Heap after GC invocations=16 (full 3):
 PSYoungGen      total 258560K, used 0K [0x00000000d5580000, 0x00000000ed080000, 0x0000000100000000)
  eden space 233984K, 0% used [0x00000000d5580000,0x00000000d5580000,0x00000000e3a00000)
  from space 24576K, 0% used [0x00000000e3a00000,0x00000000e3a00000,0x00000000e5200000)
  to   space 24576K, 0% used [0x00000000eb880000,0x00000000eb880000,0x00000000ed080000)
 ParOldGen       total 109568K, used 36798K [0x0000000080000000, 0x0000000086b00000, 0x00000000d5580000)
  object space 109568K, 33% used [0x0000000080000000,0x00000000823ef820,0x0000000086b00000)
 Metaspace       used 56857K, capacity 58984K, committed 59160K, reserved 1099776K
  class space    used 7775K, capacity 8327K, committed 8368K, reserved 1048576K
}
Event: 17.760 GC heap before
{Heap before GC invocations=17 (full 3):
 PSYoungGen      total 258560K, used 233984K [0x00000000d5580000, 0x00000000ed080000, 0x0000000100000000)
  eden space 233984K, 100% used [0x00000000d5580000,0x00000000e3a00000,0x00000000e3a00000)
  from space 24576K, 0% used [0x00000000e3a00000,0x00000000e3a00000,0x00000000e5200000)
  to   space 24576K, 0% used [0x00000000eb880000,0x00000000eb880000,0x00000000ed080000)
 ParOldGen       total 109568K, used 36798K [0x0000000080000000, 0x0000000086b00000, 0x00000000d5580000)
  object space 109568K, 33% used [0x0000000080000000,0x00000000823ef820,0x0000000086b00000)
 Metaspace       used 63852K, capacity 67082K, committed 67376K, reserved 1107968K
  class space    used 8772K, capacity 9442K, committed 9520K, reserved 1048576K
Event: 17.786 GC heap after
Heap after GC invocations=17 (full 3):
 PSYoungGen      total 338944K, used 24551K [0x00000000d5580000, 0x00000000ed080000, 0x0000000100000000)
  eden space 314368K, 0% used [0x00000000d5580000,0x00000000d5580000,0x00000000e8880000)
  from space 24576K, 99% used [0x00000000eb880000,0x00000000ed079e88,0x00000000ed080000)
  to   space 29184K, 0% used [0x00000000e9780000,0x00000000e9780000,0x00000000eb400000)
 ParOldGen       total 109568K, used 37528K [0x0000000080000000, 0x0000000086b00000, 0x00000000d5580000)
  object space 109568K, 34% used [0x0000000080000000,0x00000000824a6380,0x0000000086b00000)
 Metaspace       used 63852K, capacity 67082K, committed 67376K, reserved 1107968K
  class space    used 8772K, capacity 9442K, committed 9520K, reserved 1048576K
}
Event: 20.391 GC heap before
{Heap before GC invocations=18 (full 3):
 PSYoungGen      total 338944K, used 338919K [0x00000000d5580000, 0x00000000ed080000, 0x0000000100000000)
  eden space 314368K, 100% used [0x00000000d5580000,0x00000000e8880000,0x00000000e8880000)
  from space 24576K, 99% used [0x00000000eb880000,0x00000000ed079e88,0x00000000ed080000)
  to   space 29184K, 0% used [0x00000000e9780000,0x00000000e9780000,0x00000000eb400000)
 ParOldGen       total 109568K, used 37528K [0x0000000080000000, 0x0000000086b00000, 0x00000000d5580000)
  object space 109568K, 34% used [0x0000000080000000,0x00000000824a6380,0x0000000086b00000)
 Metaspace       used 68706K, capacity 72198K, committed 72496K, reserved 1112064K
  class space    used 9434K, capacity 10216K, committed 10288K, reserved 1048576K
Event: 20.438 GC heap after
Heap after GC invocations=18 (full 3):
 PSYoungGen      total 358912K, used 21924K [0x00000000d5580000, 0x00000000f2700000, 0x0000000100000000)
  eden space 329728K, 0% used [0x00000000d5580000,0x00000000d5580000,0x00000000e9780000)
  from space 29184K, 75% used [0x00000000e9780000,0x00000000eace9320,0x00000000eb400000)
  to   space 31232K, 0% used [0x00000000f0880000,0x00000000f0880000,0x00000000f2700000)
 ParOldGen       total 109568K, used 56094K [0x0000000080000000, 0x0000000086b00000, 0x00000000d5580000)
  object space 109568K, 51% used [0x0000000080000000,0x00000000836c7b90,0x0000000086b00000)
 Metaspace       used 68706K, capacity 72198K, committed 72496K, reserved 1112064K
  class space    used 9434K, capacity 10216K, committed 10288K, reserved 1048576K
}
Event: 100.443 GC heap before
{Heap before GC invocations=19 (full 3):
 PSYoungGen      total 358912K, used 351652K [0x00000000d5580000, 0x00000000f2700000, 0x0000000100000000)
  eden space 329728K, 100% used [0x00000000d5580000,0x00000000e9780000,0x00000000e9780000)
  from space 29184K, 75% used [0x00000000e9780000,0x00000000eace9320,0x00000000eb400000)
  to   space 31232K, 0% used [0x00000000f0880000,0x00000000f0880000,0x00000000f2700000)
 ParOldGen       total 109568K, used 56094K [0x0000000080000000, 0x0000000086b00000, 0x00000000d5580000)
  object space 109568K, 51% used [0x0000000080000000,0x00000000836c7b90,0x0000000086b00000)
 Metaspace       used 72240K, capacity 76042K, committed 76336K, reserved 1114112K
  class space    used 9884K, capacity 10688K, committed 10800K, reserved 1048576K
Event: 100.489 GC heap after
Heap after GC invocations=19 (full 3):
 PSYoungGen      total 444928K, used 17440K [0x00000000d5580000, 0x00000000f2e00000, 0x0000000100000000)
  eden space 413696K, 0% used [0x00000000d5580000,0x00000000d5580000,0x00000000ee980000)
  from space 31232K, 55% used [0x00000000f0880000,0x00000000f1988230,0x00000000f2700000)
  to   space 31744K, 0% used [0x00000000ee980000,0x00000000ee980000,0x00000000f0880000)
 ParOldGen       total 109568K, used 70816K [0x0000000080000000, 0x0000000086b00000, 0x00000000d5580000)
  object space 109568K, 64% used [0x0000000080000000,0x0000000084528090,0x0000000086b00000)
 Metaspace       used 72240K, capacity 76042K, committed 76336K, reserved 1114112K
  class space    used 9884K, capacity 10688K, committed 10800K, reserved 1048576K
}

