# JRE version: OpenJDK Runtime Environment (8.0_242-b01) (build 1.8.0_242-release-1644-b01)
# Java VM: OpenJDK 64-Bit Server VM (25.242-b01 mixed mode windows-amd64 compressed oops)
Heap:
 PSYoungGen      total 419840K, used 125158K [0x00000000d5580000, 0x00000000f2480000, 0x0000000100000000)
  eden space 375296K, 23% used [0x00000000d5580000,0x00000000dac18df0,0x00000000ec400000)
  from space 44544K, 81% used [0x00000000ec400000,0x00000000ee7a0d30,0x00000000eef80000)
  to   space 42496K, 0% used [0x00000000eef80000,0x00000000eef80000,0x00000000f1900000)
 ParOldGen       total 114688K, used 83235K [0x0000000080000000, 0x0000000087000000, 0x00000000d5580000)
  object space 114688K, 72% used [0x0000000080000000,0x0000000085148df0,0x0000000087000000)
 Metaspace       used 79589K, capacity 83408K, committed 83504K, reserved 1122304K
  class space    used 10705K, capacity 11553K, committed 11568K, reserved 1048576K
GC Heap History (10 events):
Event: 16.188 GC heap before
{Heap before GC invocations=16 (full 3):
 PSYoungGen      total 247808K, used 1696K [0x00000000d5580000, 0x00000000eba00000, 0x0000000100000000)
  eden space 223744K, 0% used [0x00000000d5580000,0x00000000d5580000,0x00000000e3000000)
  from space 24064K, 7% used [0x00000000e3000000,0x00000000e31a8000,0x00000000e4780000)
  to   space 24064K, 0% used [0x00000000ea280000,0x00000000ea280000,0x00000000eba00000)
 ParOldGen       total 71168K, used 43940K [0x0000000080000000, 0x0000000084580000, 0x00000000d5580000)
  object space 71168K, 61% used [0x0000000080000000,0x0000000082ae9358,0x0000000084580000)
 Metaspace       used 56829K, capacity 59080K, committed 59160K, reserved 1099776K
  class space    used 7766K, capacity 8321K, committed 8368K, reserved 1048576K
Event: 16.787 GC heap after
Heap after GC invocations=16 (full 3):
 PSYoungGen      total 247808K, used 0K [0x00000000d5580000, 0x00000000eba00000, 0x0000000100000000)
  eden space 223744K, 0% used [0x00000000d5580000,0x00000000d5580000,0x00000000e3000000)
  from space 24064K, 0% used [0x00000000e3000000,0x00000000e3000000,0x00000000e4780000)
  to   space 24064K, 0% used [0x00000000ea280000,0x00000000ea280000,0x00000000eba00000)
 ParOldGen       total 114688K, used 36776K [0x0000000080000000, 0x0000000087000000, 0x00000000d5580000)
  object space 114688K, 32% used [0x0000000080000000,0x00000000823ea150,0x0000000087000000)
 Metaspace       used 56792K, capacity 58954K, committed 59160K, reserved 1099776K
  class space    used 7755K, capacity 8300K, committed 8368K, reserved 1048576K
}
Event: 22.965 GC heap before
{Heap before GC invocations=17 (full 3):
 PSYoungGen      total 247808K, used 223744K [0x00000000d5580000, 0x00000000eba00000, 0x0000000100000000)
  eden space 223744K, 100% used [0x00000000d5580000,0x00000000e3000000,0x00000000e3000000)
  from space 24064K, 0% used [0x00000000e3000000,0x00000000e3000000,0x00000000e4780000)
  to   space 24064K, 0% used [0x00000000ea280000,0x00000000ea280000,0x00000000eba00000)
 ParOldGen       total 114688K, used 36776K [0x0000000080000000, 0x0000000087000000, 0x00000000d5580000)
  object space 114688K, 32% used [0x0000000080000000,0x00000000823ea150,0x0000000087000000)
 Metaspace       used 67211K, capacity 70328K, committed 70576K, reserved 1110016K
  class space    used 9188K, capacity 9885K, committed 9904K, reserved 1048576K
Event: 23.007 GC heap after
Heap after GC invocations=17 (full 3):
 PSYoungGen      total 316416K, used 24042K [0x00000000d5580000, 0x00000000eba00000, 0x0000000100000000)
  eden space 292352K, 0% used [0x00000000d5580000,0x00000000d5580000,0x00000000e7300000)
  from space 24064K, 99% used [0x00000000ea280000,0x00000000eb9fab70,0x00000000eba00000)
  to   space 29184K, 0% used [0x00000000e8100000,0x00000000e8100000,0x00000000e9d80000)
 ParOldGen       total 114688K, used 40051K [0x0000000080000000, 0x0000000087000000, 0x00000000d5580000)
  object space 114688K, 34% used [0x0000000080000000,0x000000008271cdc8,0x0000000087000000)
 Metaspace       used 67211K, capacity 70328K, committed 70576K, reserved 1110016K
  class space    used 9188K, capacity 9885K, committed 9904K, reserved 1048576K
}
Event: 26.699 GC heap before
{Heap before GC invocations=18 (full 3):
 PSYoungGen      total 316416K, used 316394K [0x00000000d5580000, 0x00000000eba00000, 0x0000000100000000)
  eden space 292352K, 100% used [0x00000000d5580000,0x00000000e7300000,0x00000000e7300000)
  from space 24064K, 99% used [0x00000000ea280000,0x00000000eb9fab70,0x00000000eba00000)
  to   space 29184K, 0% used [0x00000000e8100000,0x00000000e8100000,0x00000000e9d80000)
 ParOldGen       total 114688K, used 40051K [0x0000000080000000, 0x0000000087000000, 0x00000000d5580000)
  object space 114688K, 34% used [0x0000000080000000,0x000000008271cdc8,0x0000000087000000)
 Metaspace       used 69999K, capacity 73380K, committed 73648K, reserved 1112064K
  class space    used 9525K, capacity 10293K, committed 10416K, reserved 1048576K
Event: 26.790 GC heap after
Heap after GC invocations=18 (full 3):
 PSYoungGen      total 335872K, used 29169K [0x00000000d5580000, 0x00000000f1900000, 0x0000000100000000)
  eden space 306688K, 0% used [0x00000000d5580000,0x00000000d5580000,0x00000000e8100000)
  from space 29184K, 99% used [0x00000000e8100000,0x00000000e9d7c568,0x00000000e9d80000)
  to   space 42496K, 0% used [0x00000000eef80000,0x00000000eef80000,0x00000000f1900000)
 ParOldGen       total 114688K, used 62688K [0x0000000080000000, 0x0000000087000000, 0x00000000d5580000)
  object space 114688K, 54% used [0x0000000080000000,0x0000000083d38058,0x0000000087000000)
 Metaspace       used 69999K, capacity 73380K, committed 73648K, reserved 1112064K
  class space    used 9525K, capacity 10293K, committed 10416K, reserved 1048576K
}
Event: 35.310 GC heap before
{Heap before GC invocations=19 (full 3):
 PSYoungGen      total 335872K, used 335857K [0x00000000d5580000, 0x00000000f1900000, 0x0000000100000000)
  eden space 306688K, 100% used [0x00000000d5580000,0x00000000e8100000,0x00000000e8100000)
  from space 29184K, 99% used [0x00000000e8100000,0x00000000e9d7c568,0x00000000e9d80000)
  to   space 42496K, 0% used [0x00000000eef80000,0x00000000eef80000,0x00000000f1900000)
 ParOldGen       total 114688K, used 62688K [0x0000000080000000, 0x0000000087000000, 0x00000000d5580000)
  object space 114688K, 54% used [0x0000000080000000,0x0000000083d38058,0x0000000087000000)
 Metaspace       used 75752K, capacity 79282K, committed 79408K, reserved 1118208K
  class space    used 10232K, capacity 11020K, committed 11056K, reserved 1048576K
Event: 35.357 GC heap after
Heap after GC invocations=19 (full 3):
 PSYoungGen      total 417792K, used 27345K [0x00000000d5580000, 0x00000000f2480000, 0x0000000100000000)
  eden space 375296K, 0% used [0x00000000d5580000,0x00000000d5580000,0x00000000ec400000)
  from space 42496K, 64% used [0x00000000eef80000,0x00000000f0a34620,0x00000000f1900000)
  to   space 44544K, 0% used [0x00000000ec400000,0x00000000ec400000,0x00000000eef80000)
 ParOldGen       total 114688K, used 83227K [0x0000000080000000, 0x0000000087000000, 0x00000000d5580000)
  object space 114688K, 72% used [0x0000000080000000,0x0000000085146df0,0x0000000087000000)
 Metaspace       used 75752K, capacity 79282K, committed 79408K, reserved 1118208K
  class space    used 10232K, capacity 11020K, committed 11056K, reserved 1048576K
}
Event: 110.224 GC heap before
{Heap before GC invocations=20 (full 3):
 PSYoungGen      total 417792K, used 402641K [0x00000000d5580000, 0x00000000f2480000, 0x0000000100000000)
  eden space 375296K, 100% used [0x00000000d5580000,0x00000000ec400000,0x00000000ec400000)
  from space 42496K, 64% used [0x00000000eef80000,0x00000000f0a34620,0x00000000f1900000)
  to   space 44544K, 0% used [0x00000000ec400000,0x00000000ec400000,0x00000000eef80000)
 ParOldGen       total 114688K, used 83227K [0x0000000080000000, 0x0000000087000000, 0x00000000d5580000)
  object space 114688K, 72% used [0x0000000080000000,0x0000000085146df0,0x0000000087000000)
 Metaspace       used 79462K, capacity 83242K, committed 83504K, reserved 1122304K
  class space    used 10690K, capacity 11508K, committed 11568K, reserved 1048576K
Event: 110.289 GC heap after
Heap after GC invocations=20 (full 3):
 PSYoungGen      total 419840K, used 36483K [0x00000000d5580000, 0x00000000f2480000, 0x0000000100000000)
  eden space 375296K, 0% used [0x00000000d5580000,0x00000000d5580000,0x00000000ec400000)
  from space 44544K, 81% used [0x00000000ec400000,0x00000000ee7a0d30,0x00000000eef80000)
  to   space 42496K, 0% used [0x00000000eef80000,0x00000000eef80000,0x00000000f1900000)
 ParOldGen       total 114688K, used 83235K [0x0000000080000000, 0x0000000087000000, 0x00000000d5580000)
  object space 114688K, 72% used [0x0000000080000000,0x0000000085148df0,0x0000000087000000)
 Metaspace       used 79462K, capacity 83242K, committed 83504K, reserved 1122304K
  class space    used 10690K, capacity 11508K, committed 11568K, reserved 1048576K
}

